{"logLevel":"debug","message":"multithreading is set to false"}
{"logLevel":"debug","message":"Using reflection to scan dependencies for gauge implementations..."}
log4j:WARN No appenders could be found for logger (io.grpc.netty.shaded.io.netty.util.internal.logging.InternalLoggerFactory).
log4j:WARN Please initialize the log4j system properly.
log4j:WARN See http://logging.apache.org/log4j/1.2/faq.html#noconfig for more info.
{"logLevel":"debug","message":"gauge-java took 1407milliseconds to load and scan. This should be less than 'runner_connection_timeout' config value."}
{"logLevel":"debug","message":"run 'gauge config runner_connection_timeout' and verify that it is < 1407"}
{"logLevel":"debug","message":"starting gRPC server..."}
{"logLevel":"debug","message":"started gRPC server on port 56629"}
{"logLevel":"info","message":"Listening on port:56629"}
{"logLevel":"debug","message":"Scanning packages for steps"}
{"logLevel":"debug","message":"Comparing 'StepImplementation.clickRandomelement' and 'StepImplementation.clickRandomelement'"}
{"logLevel":"debug","message":"Found Elementler {} arasından rasgele bir tanesini seç ve tıkla in current project scope."}
{"logLevel":"debug","message":"Comparing 'PagesControl.checkShopping' and 'PagesControl.checkShopping'"}
{"logLevel":"debug","message":"Found Alışveriş Sayfasını Kontrol Et in current project scope."}
{"logLevel":"debug","message":"Comparing 'StepImplementation.textAreacontrol' and 'StepImplementation.textAreacontrol'"}
{"logLevel":"debug","message":"Found id {} li elementi bul ve {} alanını kontrol et in current project scope."}
{"logLevel":"debug","message":"Comparing 'StepImplementation.closeKeyboardonAndroid' and 'StepImplementation.closeKeyboardonAndroid'"}
{"logLevel":"debug","message":"Found Android klavyeyi kapat in current project scope."}
{"logLevel":"debug","message":"Comparing 'StepImplementation.swipeLeft' and 'StepImplementation.swipeLeft'"}
{"logLevel":"debug","message":"Found Sayfayı sola kaydır in current project scope."}
{"logLevel":"debug","message":"Comparing 'StepImplementation.waitForseconds' and 'StepImplementation.waitForseconds'"}
{"logLevel":"debug","message":"Found {} saniye bekle in current project scope."}
{"logLevel":"debug","message":"Comparing 'PagesControl.open' and 'PagesControl.open'"}
{"logLevel":"debug","message":"Found Açılış Sayfasını Kontrol Et in current project scope."}
{"logLevel":"debug","message":"Comparing 'StepImplementation.clickSearchbuttonOnadnroidKeyboard' and 'StepImplementation.clickSearchbuttonOnadnroidKeyboard'"}
{"logLevel":"debug","message":"Found Android klavyeden arama tuşuna bas in current project scope."}
{"logLevel":"debug","message":"Comparing 'StepImplementation.clickByid' and 'StepImplementation.clickByid'"}
{"logLevel":"debug","message":"Found {} id'li elemente tıkla in current project scope."}
{"logLevel":"debug","message":"Comparing 'PagesControl.checkCategoryPage' and 'PagesControl.checkCategoryPage'"}
{"logLevel":"debug","message":"Found Kategori Sayfasını Kontrol Et in current project scope."}
{"logLevel":"debug","message":"Comparing 'StepImplementation.sendkeysByid' and 'StepImplementation.sendkeysByid'"}
{"logLevel":"debug","message":"Found id {} li ementi bul ve {} değerini yaz in current project scope."}
{"logLevel":"debug","message":"Scanning packages for hooks"}
{"logLevel":"debug","message":"Scanned steps (using static parsing + reflections): "}
{"logLevel":"debug","message":"\tAçılış Sayfasını Kontrol Et : public void open()"}
{"logLevel":"debug","message":"\t{} saniye bekle : public void waitForseconds(ınt time) throws InterruptedException"}
{"logLevel":"debug","message":"\t{} id'li elemente tıkla : public void clickByid(String id)"}
{"logLevel":"debug","message":"\tAndroid klavyeden arama tuşuna bas : public void clickSearchbuttonOnadnroidKeyboard()"}
{"logLevel":"debug","message":"\tAlışveriş Sayfasını Kontrol Et : public void checkShopping()"}
{"logLevel":"debug","message":"\tid {} li ementi bul ve {} değerini yaz : public void sendkeysByid(String id, String text)"}
{"logLevel":"debug","message":"\tSayfayı sola kaydır : public void swipeLeft()"}
{"logLevel":"debug","message":"\tid {} li elementi bul ve {} alanını kontrol et : public void textAreacontrol(String id, String text)"}
{"logLevel":"debug","message":"\tElementler {} arasından rasgele bir tanesini seç ve tıkla : public void clickRandomelement(String xpath)"}
{"logLevel":"debug","message":"\tKategori Sayfasını Kontrol Et : public void checkCategoryPage()"}
{"logLevel":"debug","message":"\tAndroid klavyeyi kapat : public void closeKeyboardonAndroid()"}
Android  testi başlıyor
Şub 02, 2022 2:09:44 PM io.appium.java_client.remote.AppiumCommandExecutor$1 lambda$0
INFO: Detected dialect: W3C
{"logLevel":"debug","message":"Executing '{} saniye bekle' using 'class StepImplementation.waitForseconds"}
{"logLevel":"debug","message":"Executing 'Açılış Sayfasını Kontrol Et' using 'class PagesControl.open"}
{"logLevel":"debug","message":"Executing '{} id'li elemente tıkla' using 'class StepImplementation.clickByid"}
{"logLevel":"debug","message":"Executing '{} saniye bekle' using 'class StepImplementation.waitForseconds"}
{"logLevel":"debug","message":"Executing 'Alışveriş Sayfasını Kontrol Et' using 'class PagesControl.checkShopping"}
{"logLevel":"debug","message":"Killing Java runner..."}
{"logLevel":"debug","message":"Stopping execution pool..."}
{"logLevel":"debug","message":"Shutting down grpc server..."}
{"logLevel":"debug","message":"Runner killed gracefully."}
